nohup: ignoring input
[dotenv@17.3.1] injecting env (8) from .env -- tip: 🤖 agentic secret storage: https://dotenvx.com/as2
[dotenv@17.3.1] injecting env (0) from .env -- tip: 🛡️ auth for agents: https://vestauth.com
[dotenv@17.3.1] injecting env (0) from .env -- tip: 🔐 prevent committing .env to code: https://dotenvx.com/precommit
[dotenv@17.3.1] injecting env (0) from .env -- tip: ⚙️  specify custom .env file path with { path: '/custom/path/.env' }
Server running on port 8080
We made it here
Password reset email sent to: aophyxia@gmail.com
Verification email sent to: atjsoptj@gmail.com
We made it here
We made it here
We made it here
We made it here
We made it here
We made it here
We made it here
We made it here
We made it here
We made it here
We made it here
Password reset email sent to: aophyxia@gmail.com
We made it here
We made it here
We made it here
Password reset email sent to: asiangamergg17@gmail.com
We made it here
We made it here
We made it here
We made it here
We made it here
We made it here
We made it here
We made it here
We made it here
